C:\Users\Zoom Admin\Desktop\speex-1.2rc1-VS2010\win32\VS2008\libspeex\libspeex.vcxproj(150,5): warning MSB4011: "C:\Users\Zoom Admin\AppData\Local\Microsoft\MSBuild\v4.0\Microsoft.Cpp.Win32.user.props" cannot be imported again. It was already imported at "C:\Users\Zoom Admin\Desktop\speex-1.2rc1-VS2010\win32\VS2008\libspeex\libspeex.vcxproj (147,5)". This is most likely a build authoring error. This subsequent import will be ignored. 
C:\Users\Zoom Admin\Desktop\speex-1.2rc1-VS2010\win32\VS2008\libspeex\libspeex.vcxproj(153,5): warning MSB4011: "C:\Users\Zoom Admin\AppData\Local\Microsoft\MSBuild\v4.0\Microsoft.Cpp.Win32.user.props" cannot be imported again. It was already imported at "C:\Users\Zoom Admin\Desktop\speex-1.2rc1-VS2010\win32\VS2008\libspeex\libspeex.vcxproj (147,5)". This is most likely a build authoring error. This subsequent import will be ignored. 
C:\Users\Zoom Admin\Desktop\speex-1.2rc1-VS2010\win32\VS2008\libspeex\libspeex.vcxproj(156,5): warning MSB4011: "C:\Users\Zoom Admin\AppData\Local\Microsoft\MSBuild\v4.0\Microsoft.Cpp.Win32.user.props" cannot be imported again. It was already imported at "C:\Users\Zoom Admin\Desktop\speex-1.2rc1-VS2010\win32\VS2008\libspeex\libspeex.vcxproj (147,5)". This is most likely a build authoring error. This subsequent import will be ignored. 
C:\Users\Zoom Admin\Desktop\speex-1.2rc1-VS2010\win32\VS2008\libspeex\libspeex.vcxproj(159,5): warning MSB4011: "C:\Users\Zoom Admin\AppData\Local\Microsoft\MSBuild\v4.0\Microsoft.Cpp.Win32.user.props" cannot be imported again. It was already imported at "C:\Users\Zoom Admin\Desktop\speex-1.2rc1-VS2010\win32\VS2008\libspeex\libspeex.vcxproj (147,5)". This is most likely a build authoring error. This subsequent import will be ignored. 
cl : Command line warning D9035: option 'Gm' has been deprecated and will be removed in a future release
  window.c
c:\users\zoom admin\desktop\speex-1.2rc1-vs2010\libspeex\window.c(71): warning C4305: 'initializing': truncation from 'double' to 'const spx_word16_t'
  vq.c
c:\users\zoom admin\desktop\speex-1.2rc1-vs2010\libspeex\vq.c(76): warning C4100: 'stack': unreferenced formal parameter
c:\users\zoom admin\desktop\speex-1.2rc1-vs2010\libspeex\vq.c(110): warning C4100: 'stack': unreferenced formal parameter
  vbr.c
c:\users\zoom admin\desktop\speex-1.2rc1-vs2010\libspeex\vbr.c(83): warning C4305: '=': truncation from 'double' to 'float'
c:\users\zoom admin\desktop\speex-1.2rc1-vs2010\libspeex\vbr.c(88): warning C4244: '=': conversion from 'double' to 'float', possible loss of data
c:\users\zoom admin\desktop\speex-1.2rc1-vs2010\libspeex\vbr.c(89): warning C4305: '=': truncation from 'double' to 'float'
c:\users\zoom admin\desktop\speex-1.2rc1-vs2010\libspeex\vbr.c(95): warning C4244: '=': conversion from 'double' to 'float', possible loss of data
c:\users\zoom admin\desktop\speex-1.2rc1-vs2010\libspeex\vbr.c(142): warning C4244: '=': conversion from 'double' to 'float', possible loss of data
c:\users\zoom admin\desktop\speex-1.2rc1-vs2010\libspeex\vbr.c(149): warning C4244: '=': conversion from 'double' to 'float', possible loss of data
c:\users\zoom admin\desktop\speex-1.2rc1-vs2010\libspeex\vbr.c(152): warning C4244: '=': conversion from 'double' to 'float', possible loss of data
c:\users\zoom admin\desktop\speex-1.2rc1-vs2010\libspeex\vbr.c(154): warning C4244: '=': conversion from 'double' to 'float', possible loss of data
c:\users\zoom admin\desktop\speex-1.2rc1-vs2010\libspeex\vbr.c(170): warning C4244: '=': conversion from 'double' to 'float', possible loss of data
c:\users\zoom admin\desktop\speex-1.2rc1-vs2010\libspeex\vbr.c(171): warning C4244: '=': conversion from 'double' to 'float', possible loss of data
c:\users\zoom admin\desktop\speex-1.2rc1-vs2010\libspeex\vbr.c(180): warning C4244: '=': conversion from 'double' to 'float', possible loss of data
c:\users\zoom admin\desktop\speex-1.2rc1-vs2010\libspeex\vbr.c(181): warning C4244: '=': conversion from 'double' to 'float', possible loss of data
c:\users\zoom admin\desktop\speex-1.2rc1-vs2010\libspeex\vbr.c(187): warning C4305: '-=': truncation from 'double' to 'float'
c:\users\zoom admin\desktop\speex-1.2rc1-vs2010\libspeex\vbr.c(189): warning C4305: '-=': truncation from 'double' to 'float'
c:\users\zoom admin\desktop\speex-1.2rc1-vs2010\libspeex\vbr.c(191): warning C4305: '-=': truncation from 'double' to 'float'
c:\users\zoom admin\desktop\speex-1.2rc1-vs2010\libspeex\vbr.c(194): warning C4244: '=': conversion from 'double' to 'float', possible loss of data
c:\users\zoom admin\desktop\speex-1.2rc1-vs2010\libspeex\vbr.c(195): warning C4244: '=': conversion from 'double' to 'float', possible loss of data
c:\users\zoom admin\desktop\speex-1.2rc1-vs2010\libspeex\vbr.c(204): warning C4244: '+=': conversion from 'double' to 'float', possible loss of data
c:\users\zoom admin\desktop\speex-1.2rc1-vs2010\libspeex\vbr.c(206): warning C4244: '+=': conversion from 'double' to 'float', possible loss of data
c:\users\zoom admin\desktop\speex-1.2rc1-vs2010\libspeex\vbr.c(211): warning C4244: '+=': conversion from 'double' to 'float', possible loss of data
c:\users\zoom admin\desktop\speex-1.2rc1-vs2010\libspeex\vbr.c(218): warning C4244: '=': conversion from 'double' to 'float', possible loss of data
c:\users\zoom admin\desktop\speex-1.2rc1-vs2010\libspeex\vbr.c(219): warning C4244: '+=': conversion from 'double' to 'float', possible loss of data
c:\users\zoom admin\desktop\speex-1.2rc1-vs2010\libspeex\vbr.c(222): warning C4244: '=': conversion from 'double' to 'float', possible loss of data
c:\users\zoom admin\desktop\speex-1.2rc1-vs2010\libspeex\vbr.c(240): warning C4244: '-=': conversion from 'double' to 'float', possible loss of data
c:\users\zoom admin\desktop\speex-1.2rc1-vs2010\libspeex\vbr.c(247): warning C4244: '-=': conversion from 'double' to 'float', possible loss of data
c:\users\zoom admin\desktop\speex-1.2rc1-vs2010\libspeex\vbr.c(249): warning C4244: '-=': conversion from 'double' to 'float', possible loss of data
c:\users\zoom admin\desktop\speex-1.2rc1-vs2010\libspeex\vbr.c(252): warning C4244: '+=': conversion from 'double' to 'float', possible loss of data
c:\users\zoom admin\desktop\speex-1.2rc1-vs2010\libspeex\vbr.c(124): warning C4100: 'pitch': unreferenced formal parameter
c:\users\zoom admin\desktop\speex-1.2rc1-vs2010\libspeex\vbr.c(271): warning C4100: 'vbr': unreferenced formal parameter
  stereo.c
c:\users\zoom admin\desktop\speex-1.2rc1-vs2010\libspeex\math_approx.h(57): warning C4244: 'return': conversion from 'double' to 'spx_word16_t', possible loss of data
c:\users\zoom admin\desktop\speex-1.2rc1-vs2010\libspeex\math_approx.h(91): warning C4244: 'return': conversion from 'int' to 'spx_int16_t', possible loss of data
c:\users\zoom admin\desktop\speex-1.2rc1-vs2010\libspeex\math_approx.h(116): warning C4244: 'return': conversion from 'int' to 'spx_int16_t', possible loss of data
c:\users\zoom admin\desktop\speex-1.2rc1-vs2010\libspeex\math_approx.h(323): warning C4244: '=': conversion from 'double' to 'spx_word16_t', possible loss of data
c:\users\zoom admin\desktop\speex-1.2rc1-vs2010\libspeex\stereo.c(117): warning C4244: '=': conversion from 'double' to 'float', possible loss of data
c:\users\zoom admin\desktop\speex-1.2rc1-vs2010\libspeex\stereo.c(127): warning C4244: '=': conversion from 'double' to 'float', possible loss of data
c:\users\zoom admin\desktop\speex-1.2rc1-vs2010\libspeex\stereo.c(134): warning C4244: '=': conversion from 'double' to 'float', possible loss of data
c:\users\zoom admin\desktop\speex-1.2rc1-vs2010\libspeex\stereo.c(170): warning C4244: '=': conversion from 'double' to 'spx_int16_t', possible loss of data
c:\users\zoom admin\desktop\speex-1.2rc1-vs2010\libspeex\stereo.c(195): warning C4244: '=': conversion from 'double' to 'spx_word32_t', possible loss of data
c:\users\zoom admin\desktop\speex-1.2rc1-vs2010\libspeex\stereo.c(196): warning C4244: '=': conversion from 'double' to 'spx_word32_t', possible loss of data
c:\users\zoom admin\desktop\speex-1.2rc1-vs2010\libspeex\stereo.c(197): warning C4244: '=': conversion from 'double' to 'int', possible loss of data
c:\users\zoom admin\desktop\speex-1.2rc1-vs2010\libspeex\stereo.c(212): warning C4244: '=': conversion from 'double' to 'spx_word32_t', possible loss of data
c:\users\zoom admin\desktop\speex-1.2rc1-vs2010\libspeex\stereo.c(286): warning C4244: '=': conversion from 'unsigned int' to 'spx_word16_t', possible loss of data
c:\users\zoom admin\desktop\speex-1.2rc1-vs2010\libspeex\stereo.c(288): warning C4244: '=': conversion from 'double' to 'spx_word32_t', possible loss of data
c:\users\zoom admin\desktop\speex-1.2rc1-vs2010\libspeex\stereo.c(274): warning C4100: 'state': unreferenced formal parameter
  speex_header.c
  speex_callbacks.c
c:\users\zoom admin\desktop\speex-1.2rc1-vs2010\libspeex\speex_callbacks.c(75): warning C4100: 'state': unreferenced formal parameter
c:\users\zoom admin\desktop\speex-1.2rc1-vs2010\libspeex\speex_callbacks.c(83): warning C4100: 'state': unreferenced formal parameter
c:\users\zoom admin\desktop\speex-1.2rc1-vs2010\libspeex\speex_callbacks.c(91): warning C4100: 'state': unreferenced formal parameter
c:\users\zoom admin\desktop\speex-1.2rc1-vs2010\libspeex\speex_callbacks.c(100): warning C4100: 'state': unreferenced formal parameter
c:\users\zoom admin\desktop\speex-1.2rc1-vs2010\libspeex\speex_callbacks.c(109): warning C4100: 'state': unreferenced formal parameter
c:\users\zoom admin\desktop\speex-1.2rc1-vs2010\libspeex\speex_callbacks.c(121): warning C4244: '=': conversion from 'unsigned int' to 'float', possible loss of data
c:\users\zoom admin\desktop\speex-1.2rc1-vs2010\libspeex\speex_callbacks.c(118): warning C4100: 'state': unreferenced formal parameter
c:\users\zoom admin\desktop\speex-1.2rc1-vs2010\libspeex\speex_callbacks.c(130): warning C4244: '=': conversion from 'unsigned int' to 'unsigned char', possible loss of data
c:\users\zoom admin\desktop\speex-1.2rc1-vs2010\libspeex\speex_callbacks.c(127): warning C4100: 'state': unreferenced formal parameter
c:\users\zoom admin\desktop\speex-1.2rc1-vs2010\libspeex\speex_callbacks.c(139): warning C4100: 'data': unreferenced formal parameter
c:\users\zoom admin\desktop\speex-1.2rc1-vs2010\libspeex\speex_callbacks.c(139): warning C4100: 'state': unreferenced formal parameter
  speex.c
  smallft.c
c:\users\zoom admin\desktop\speex-1.2rc1-vs2010\libspeex\smallft.c(101): warning C4244: '=': conversion from 'double' to 'float', possible loss of data
c:\users\zoom admin\desktop\speex-1.2rc1-vs2010\libspeex\smallft.c(102): warning C4244: '=': conversion from 'double' to 'float', possible loss of data
c:\users\zoom admin\desktop\speex-1.2rc1-vs2010\libspeex\smallft.c(285): warning C4244: '=': conversion from 'double' to 'float', possible loss of data
c:\users\zoom admin\desktop\speex-1.2rc1-vs2010\libspeex\smallft.c(286): warning C4244: '=': conversion from 'double' to 'float', possible loss of data
c:\users\zoom admin\desktop\speex-1.2rc1-vs2010\libspeex\smallft.c(855): warning C4244: '=': conversion from 'double' to 'float', possible loss of data
c:\users\zoom admin\desktop\speex-1.2rc1-vs2010\libspeex\smallft.c(856): warning C4244: '=': conversion from 'double' to 'float', possible loss of data
  sb_celp.c
c:\users\zoom admin\desktop\speex-1.2rc1-vs2010\libspeex\math_approx.h(57): warning C4244: 'return': conversion from 'double' to 'spx_word16_t', possible loss of data
c:\users\zoom admin\desktop\speex-1.2rc1-vs2010\libspeex\math_approx.h(91): warning C4244: 'return': conversion from 'int' to 'spx_int16_t', possible loss of data
c:\users\zoom admin\desktop\speex-1.2rc1-vs2010\libspeex\math_approx.h(116): warning C4244: 'return': conversion from 'int' to 'spx_int16_t', possible loss of data
c:\users\zoom admin\desktop\speex-1.2rc1-vs2010\libspeex\math_approx.h(323): warning C4244: '=': conversion from 'double' to 'spx_word16_t', possible loss of data
c:\users\zoom admin\desktop\speex-1.2rc1-vs2010\libspeex\sb_celp.c(128): warning C4305: 'initializing': truncation from 'double' to 'const spx_word16_t'
c:\users\zoom admin\desktop\speex-1.2rc1-vs2010\libspeex\sb_celp.c(131): warning C4305: 'initializing': truncation from 'double' to 'const spx_word16_t'
c:\users\zoom admin\desktop\speex-1.2rc1-vs2010\libspeex\sb_celp.c(411): warning C4305: 'function': truncation from 'double' to 'spx_word16_t'
c:\users\zoom admin\desktop\speex-1.2rc1-vs2010\libspeex\sb_celp.c(414): warning C4305: 'function': truncation from 'double' to 'spx_word16_t'
c:\users\zoom admin\desktop\speex-1.2rc1-vs2010\libspeex\sb_celp.c(435): warning C4244: '=': conversion from 'double' to 'float', possible loss of data
c:\users\zoom admin\desktop\speex-1.2rc1-vs2010\libspeex\sb_celp.c(437): warning C4305: '=': truncation from 'double' to 'float'
c:\users\zoom admin\desktop\speex-1.2rc1-vs2010\libspeex\sb_celp.c(439): warning C4305: '=': truncation from 'double' to 'float'
c:\users\zoom admin\desktop\speex-1.2rc1-vs2010\libspeex\sb_celp.c(449): warning C4244: '=': conversion from 'double' to 'float', possible loss of data
c:\users\zoom admin\desktop\speex-1.2rc1-vs2010\libspeex\sb_celp.c(461): warning C4244: '+=': conversion from 'double' to 'float', possible loss of data
c:\users\zoom admin\desktop\speex-1.2rc1-vs2010\libspeex\sb_celp.c(484): warning C4244: '=': conversion from 'double' to 'float', possible loss of data
c:\users\zoom admin\desktop\speex-1.2rc1-vs2010\libspeex\sb_celp.c(569): warning C4305: 'function': truncation from 'double' to 'spx_word16_t'
c:\users\zoom admin\desktop\speex-1.2rc1-vs2010\libspeex\sb_celp.c(570): warning C4305: 'function': truncation from 'double' to 'spx_word16_t'
c:\users\zoom admin\desktop\speex-1.2rc1-vs2010\libspeex\sb_celp.c(592): warning C4244: '=': conversion from 'double' to 'spx_word16_t', possible loss of data
c:\users\zoom admin\desktop\speex-1.2rc1-vs2010\libspeex\sb_celp.c(656): warning C4244: '=': conversion from 'double' to 'spx_word16_t', possible loss of data
c:\users\zoom admin\desktop\speex-1.2rc1-vs2010\libspeex\sb_celp.c(1002): warning C4305: 'function': truncation from 'double' to 'spx_word16_t'
c:\users\zoom admin\desktop\speex-1.2rc1-vs2010\libspeex\sb_celp.c(1022): warning C4244: '=': conversion from 'double' to 'spx_word16_t', possible loss of data
c:\users\zoom admin\desktop\speex-1.2rc1-vs2010\libspeex\sb_celp.c(1032): warning C4244: '=': conversion from 'double' to 'spx_word32_t', possible loss of data
c:\users\zoom admin\desktop\speex-1.2rc1-vs2010\libspeex\sb_celp.c(1048): warning C4244: '=': conversion from 'double' to 'spx_word16_t', possible loss of data
c:\users\zoom admin\desktop\speex-1.2rc1-vs2010\libspeex\sb_celp.c(1089): warning C4244: '=': conversion from 'double' to 'spx_word16_t', possible loss of data
c:\users\zoom admin\desktop\speex-1.2rc1-vs2010\libspeex\sb_celp.c(1181): warning C4244: '=': conversion from 'spx_int32_t' to 'float', possible loss of data
c:\users\zoom admin\desktop\speex-1.2rc1-vs2010\libspeex\sb_celp.c(1286): warning C4127: conditional expression is constant
c:\users\zoom admin\desktop\speex-1.2rc1-vs2010\libspeex\sb_celp.c(1148): warning C4244: 'initializing': conversion from 'double' to 'float', possible loss of data
  quant_lsp.c
c:\users\zoom admin\desktop\speex-1.2rc1-vs2010\libspeex\quant_lsp.c(82): warning C4244: '=': conversion from 'double' to 'spx_word16_t', possible loss of data
c:\users\zoom admin\desktop\speex-1.2rc1-vs2010\libspeex\quant_lsp.c(90): warning C4244: '=': conversion from 'double' to 'spx_word16_t', possible loss of data
c:\users\zoom admin\desktop\speex-1.2rc1-vs2010\libspeex\quant_lsp.c(171): warning C4244: '=': conversion from 'double' to 'spx_lsp_t', possible loss of data
c:\users\zoom admin\desktop\speex-1.2rc1-vs2010\libspeex\quant_lsp.c(175): warning C4244: '=': conversion from 'double' to 'spx_lsp_t', possible loss of data
c:\users\zoom admin\desktop\speex-1.2rc1-vs2010\libspeex\quant_lsp.c(206): warning C4244: '=': conversion from 'double' to 'spx_lsp_t', possible loss of data
c:\users\zoom admin\desktop\speex-1.2rc1-vs2010\libspeex\quant_lsp.c(217): warning C4244: '=': conversion from 'double' to 'spx_lsp_t', possible loss of data
c:\users\zoom admin\desktop\speex-1.2rc1-vs2010\libspeex\quant_lsp.c(222): warning C4244: '=': conversion from 'double' to 'spx_lsp_t', possible loss of data
c:\users\zoom admin\desktop\speex-1.2rc1-vs2010\libspeex\quant_lsp.c(226): warning C4244: '=': conversion from 'double' to 'spx_lsp_t', possible loss of data
c:\users\zoom admin\desktop\speex-1.2rc1-vs2010\libspeex\quant_lsp.c(230): warning C4244: '=': conversion from 'double' to 'spx_lsp_t', possible loss of data
c:\users\zoom admin\desktop\speex-1.2rc1-vs2010\libspeex\quant_lsp.c(234): warning C4244: '=': conversion from 'double' to 'spx_lsp_t', possible loss of data
c:\users\zoom admin\desktop\speex-1.2rc1-vs2010\libspeex\quant_lsp.c(238): warning C4244: '=': conversion from 'double' to 'spx_lsp_t', possible loss of data
c:\users\zoom admin\desktop\speex-1.2rc1-vs2010\libspeex\quant_lsp.c(254): warning C4244: '=': conversion from 'double' to 'spx_lsp_t', possible loss of data
c:\users\zoom admin\desktop\speex-1.2rc1-vs2010\libspeex\quant_lsp.c(257): warning C4244: '=': conversion from 'double' to 'spx_lsp_t', possible loss of data
c:\users\zoom admin\desktop\speex-1.2rc1-vs2010\libspeex\quant_lsp.c(276): warning C4244: '=': conversion from 'double' to 'spx_lsp_t', possible loss of data
c:\users\zoom admin\desktop\speex-1.2rc1-vs2010\libspeex\quant_lsp.c(287): warning C4244: '=': conversion from 'double' to 'spx_lsp_t', possible loss of data
c:\users\zoom admin\desktop\speex-1.2rc1-vs2010\libspeex\quant_lsp.c(292): warning C4244: '+=': conversion from 'double' to 'spx_lsp_t', possible loss of data
c:\users\zoom admin\desktop\speex-1.2rc1-vs2010\libspeex\quant_lsp.c(296): warning C4244: '+=': conversion from 'double' to 'spx_lsp_t', possible loss of data
c:\users\zoom admin\desktop\speex-1.2rc1-vs2010\libspeex\quant_lsp.c(300): warning C4244: '+=': conversion from 'double' to 'spx_lsp_t', possible loss of data
c:\users\zoom admin\desktop\speex-1.2rc1-vs2010\libspeex\quant_lsp.c(340): warning C4244: '=': conversion from 'double' to 'spx_lsp_t', possible loss of data
c:\users\zoom admin\desktop\speex-1.2rc1-vs2010\libspeex\quant_lsp.c(343): warning C4244: '=': conversion from 'double' to 'spx_lsp_t', possible loss of data
c:\users\zoom admin\desktop\speex-1.2rc1-vs2010\libspeex\quant_lsp.c(359): warning C4244: '=': conversion from 'double' to 'spx_lsp_t', possible loss of data
c:\users\zoom admin\desktop\speex-1.2rc1-vs2010\libspeex\quant_lsp.c(371): warning C4244: '=': conversion from 'double' to 'spx_lsp_t', possible loss of data
c:\users\zoom admin\desktop\speex-1.2rc1-vs2010\libspeex\quant_lsp.c(376): warning C4244: '+=': conversion from 'double' to 'spx_lsp_t', possible loss of data
c:\users\zoom admin\desktop\speex-1.2rc1-vs2010\libspeex\quant_lsp.c(381): warning C4244: '+=': conversion from 'double' to 'spx_lsp_t', possible loss of data
  preprocess.c
c:\users\zoom admin\desktop\speex-1.2rc1-vs2010\libspeex\math_approx.h(57): warning C4244: 'return': conversion from 'double' to 'spx_word16_t', possible loss of data
c:\users\zoom admin\desktop\speex-1.2rc1-vs2010\libspeex\math_approx.h(91): warning C4244: 'return': conversion from 'int' to 'spx_int16_t', possible loss of data
c:\users\zoom admin\desktop\speex-1.2rc1-vs2010\libspeex\math_approx.h(116): warning C4244: 'return': conversion from 'int' to 'spx_int16_t', possible loss of data
c:\users\zoom admin\desktop\speex-1.2rc1-vs2010\libspeex\math_approx.h(323): warning C4244: '=': conversion from 'double' to 'spx_word16_t', possible loss of data
c:\users\zoom admin\desktop\speex-1.2rc1-vs2010\libspeex\preprocess.c(281): warning C4244: '=': conversion from 'double' to 'spx_word16_t', possible loss of data
c:\users\zoom admin\desktop\speex-1.2rc1-vs2010\libspeex\preprocess.c(284): warning C4244: '=': conversion from 'double' to 'spx_word16_t', possible loss of data
c:\users\zoom admin\desktop\speex-1.2rc1-vs2010\libspeex\preprocess.c(365): warning C4244: '=': conversion from 'double' to 'float', possible loss of data
c:\users\zoom admin\desktop\speex-1.2rc1-vs2010\libspeex\preprocess.c(370): warning C4244: 'return': conversion from 'double' to 'spx_word32_t', possible loss of data
c:\users\zoom admin\desktop\speex-1.2rc1-vs2010\libspeex\preprocess.c(372): warning C4244: 'return': conversion from 'double' to 'spx_word32_t', possible loss of data
c:\users\zoom admin\desktop\speex-1.2rc1-vs2010\libspeex\preprocess.c(386): warning C4244: '=': conversion from 'double' to 'float', possible loss of data
c:\users\zoom admin\desktop\speex-1.2rc1-vs2010\libspeex\preprocess.c(387): warning C4244: '=': conversion from 'double' to 'float', possible loss of data
c:\users\zoom admin\desktop\speex-1.2rc1-vs2010\libspeex\preprocess.c(391): warning C4244: '=': conversion from 'double' to 'spx_word16_t', possible loss of data
c:\users\zoom admin\desktop\speex-1.2rc1-vs2010\libspeex\preprocess.c(446): warning C4244: 'function': conversion from 'int' to 'spx_word32_t', possible loss of data
c:\users\zoom admin\desktop\speex-1.2rc1-vs2010\libspeex\preprocess.c(510): warning C4244: '=': conversion from 'double' to 'float', possible loss of data
c:\users\zoom admin\desktop\speex-1.2rc1-vs2010\libspeex\preprocess.c(516): warning C4305: '=': truncation from 'double' to 'float'
c:\users\zoom admin\desktop\speex-1.2rc1-vs2010\libspeex\preprocess.c(519): warning C4244: '=': conversion from 'double' to 'float', possible loss of data
c:\users\zoom admin\desktop\speex-1.2rc1-vs2010\libspeex\preprocess.c(520): warning C4244: '=': conversion from 'double' to 'float', possible loss of data
c:\users\zoom admin\desktop\speex-1.2rc1-vs2010\libspeex\preprocess.c(508): warning C4244: 'initializing': conversion from 'double' to 'float', possible loss of data
c:\users\zoom admin\desktop\speex-1.2rc1-vs2010\libspeex\preprocess.c(581): warning C4244: '=': conversion from 'double' to 'float', possible loss of data
c:\users\zoom admin\desktop\speex-1.2rc1-vs2010\libspeex\preprocess.c(587): warning C4244: '=': conversion from 'double' to 'float', possible loss of data
c:\users\zoom admin\desktop\speex-1.2rc1-vs2010\libspeex\preprocess.c(588): warning C4244: '=': conversion from 'double' to 'float', possible loss of data
c:\users\zoom admin\desktop\speex-1.2rc1-vs2010\libspeex\preprocess.c(595): warning C4244: '=': conversion from 'double' to 'float', possible loss of data
c:\users\zoom admin\desktop\speex-1.2rc1-vs2010\libspeex\preprocess.c(721): warning C4100: 'echo': unreferenced formal parameter
c:\users\zoom admin\desktop\speex-1.2rc1-vs2010\libspeex\preprocess.c(744): warning C4244: '=': conversion from 'double' to 'spx_word16_t', possible loss of data
c:\users\zoom admin\desktop\speex-1.2rc1-vs2010\libspeex\preprocess.c(829): warning C4244: 'function': conversion from 'spx_word16_t' to 'int', possible loss of data
c:\users\zoom admin\desktop\speex-1.2rc1-vs2010\libspeex\preprocess.c(868): warning C4244: '=': conversion from 'double' to 'spx_word16_t', possible loss of data
c:\users\zoom admin\desktop\speex-1.2rc1-vs2010\libspeex\preprocess.c(918): warning C4244: '=': conversion from 'double' to 'spx_word16_t', possible loss of data
c:\users\zoom admin\desktop\speex-1.2rc1-vs2010\libspeex\preprocess.c(930): warning C4244: '=': conversion from 'double' to 'spx_word16_t', possible loss of data
c:\users\zoom admin\desktop\speex-1.2rc1-vs2010\libspeex\preprocess.c(971): warning C4244: '=': conversion from 'double' to 'float', possible loss of data
c:\users\zoom admin\desktop\speex-1.2rc1-vs2010\libspeex\preprocess.c(987): warning C4244: '=': conversion from 'spx_word16_t' to 'spx_int16_t', possible loss of data
c:\users\zoom admin\desktop\speex-1.2rc1-vs2010\libspeex\preprocess.c(989): warning C4244: '=': conversion from 'spx_word16_t' to 'spx_int16_t', possible loss of data
c:\users\zoom admin\desktop\speex-1.2rc1-vs2010\libspeex\preprocess.c(1081): warning C4244: '=': conversion from 'double' to 'float', possible loss of data
c:\users\zoom admin\desktop\speex-1.2rc1-vs2010\libspeex\preprocess.c(1084): warning C4244: '=': conversion from 'double' to 'spx_int32_t', possible loss of data
c:\users\zoom admin\desktop\speex-1.2rc1-vs2010\libspeex\preprocess.c(1087): warning C4244: '=': conversion from 'double' to 'float', possible loss of data
c:\users\zoom admin\desktop\speex-1.2rc1-vs2010\libspeex\preprocess.c(1090): warning C4244: '=': conversion from 'double' to 'spx_int32_t', possible loss of data
c:\users\zoom admin\desktop\speex-1.2rc1-vs2010\libspeex\preprocess.c(1093): warning C4244: '=': conversion from 'double' to 'float', possible loss of data
c:\users\zoom admin\desktop\speex-1.2rc1-vs2010\libspeex\preprocess.c(1096): warning C4244: '=': conversion from 'double' to 'spx_int32_t', possible loss of data
c:\users\zoom admin\desktop\speex-1.2rc1-vs2010\libspeex\preprocess.c(1139): warning C4244: '=': conversion from 'spx_word16_t' to 'spx_int32_t', possible loss of data
c:\users\zoom admin\desktop\speex-1.2rc1-vs2010\libspeex\preprocess.c(1147): warning C4244: '=': conversion from 'spx_word16_t' to 'spx_int32_t', possible loss of data
c:\users\zoom admin\desktop\speex-1.2rc1-vs2010\libspeex\preprocess.c(1176): warning C4244: '=': conversion from 'double' to 'spx_int32_t', possible loss of data
c:\users\zoom admin\desktop\speex-1.2rc1-vs2010\libspeex\preprocess.c(1179): warning C4244: '=': conversion from 'double' to 'spx_int32_t', possible loss of data
c:\users\zoom admin\desktop\speex-1.2rc1-vs2010\libspeex\preprocess.c(1195): warning C4244: '=': conversion from 'spx_word16_t' to 'spx_int32_t', possible loss of data
c:\users\zoom admin\desktop\speex-1.2rc1-vs2010\libspeex\preprocess.c(1199): warning C4244: '=': conversion from 'spx_int32_t' to 'float', possible loss of data
c:\users\zoom admin\desktop\speex-1.2rc1-vs2010\libspeex\preprocess.c(1206): warning C4244: '=': conversion from 'float' to 'spx_int32_t', possible loss of data
  nb_celp.c
c:\users\zoom admin\desktop\speex-1.2rc1-vs2010\libspeex\math_approx.h(57): warning C4244: 'return': conversion from 'double' to 'spx_word16_t', possible loss of data
c:\users\zoom admin\desktop\speex-1.2rc1-vs2010\libspeex\math_approx.h(91): warning C4244: 'return': conversion from 'int' to 'spx_int16_t', possible loss of data
c:\users\zoom admin\desktop\speex-1.2rc1-vs2010\libspeex\math_approx.h(116): warning C4244: 'return': conversion from 'int' to 'spx_int16_t', possible loss of data
c:\users\zoom admin\desktop\speex-1.2rc1-vs2010\libspeex\math_approx.h(323): warning C4244: '=': conversion from 'double' to 'spx_word16_t', possible loss of data
c:\users\zoom admin\desktop\speex-1.2rc1-vs2010\libspeex\nb_celp.c(437): warning C4244: '=': conversion from 'double' to 'float', possible loss of data
c:\users\zoom admin\desktop\speex-1.2rc1-vs2010\libspeex\nb_celp.c(439): warning C4305: '=': truncation from 'double' to 'float'
c:\users\zoom admin\desktop\speex-1.2rc1-vs2010\libspeex\nb_celp.c(441): warning C4305: '=': truncation from 'double' to 'float'
c:\users\zoom admin\desktop\speex-1.2rc1-vs2010\libspeex\nb_celp.c(508): warning C4244: '=': conversion from 'double' to 'float', possible loss of data
c:\users\zoom admin\desktop\speex-1.2rc1-vs2010\libspeex\nb_celp.c(593): warning C4244: '=': conversion from 'double' to 'spx_word16_t', possible loss of data
c:\users\zoom admin\desktop\speex-1.2rc1-vs2010\libspeex\nb_celp.c(604): warning C4244: '=': conversion from 'double' to 'spx_word16_t', possible loss of data
c:\users\zoom admin\desktop\speex-1.2rc1-vs2010\libspeex\nb_celp.c(623): warning C4244: '=': conversion from 'double' to 'spx_word32_t', possible loss of data
c:\users\zoom admin\desktop\speex-1.2rc1-vs2010\libspeex\nb_celp.c(1016): warning C4305: 'initializing': truncation from 'double' to 'const spx_word16_t'
c:\users\zoom admin\desktop\speex-1.2rc1-vs2010\libspeex\nb_celp.c(1047): warning C4305: '=': truncation from 'double' to 'spx_word16_t'
c:\users\zoom admin\desktop\speex-1.2rc1-vs2010\libspeex\nb_celp.c(1057): warning C4244: 'function': conversion from 'int' to 'spx_word16_t', possible loss of data
c:\users\zoom admin\desktop\speex-1.2rc1-vs2010\libspeex\nb_celp.c(1068): warning C4305: 'function': truncation from 'double' to 'spx_word16_t'
c:\users\zoom admin\desktop\speex-1.2rc1-vs2010\libspeex\nb_celp.c(1242): warning C4244: '=': conversion from 'double' to 'spx_word16_t', possible loss of data
c:\users\zoom admin\desktop\speex-1.2rc1-vs2010\libspeex\nb_celp.c(1266): warning C4244: '=': conversion from 'double' to 'spx_word16_t', possible loss of data
c:\users\zoom admin\desktop\speex-1.2rc1-vs2010\libspeex\nb_celp.c(1277): warning C4244: '=': conversion from 'double' to 'spx_word32_t', possible loss of data
c:\users\zoom admin\desktop\speex-1.2rc1-vs2010\libspeex\nb_celp.c(1364): warning C4244: '=': conversion from 'double' to 'spx_word16_t', possible loss of data
c:\users\zoom admin\desktop\speex-1.2rc1-vs2010\libspeex\nb_celp.c(1565): warning C4244: '=': conversion from 'double' to 'spx_word16_t', possible loss of data
c:\users\zoom admin\desktop\speex-1.2rc1-vs2010\libspeex\nb_celp.c(1629): warning C4244: '=': conversion from 'spx_int32_t' to 'float', possible loss of data
c:\users\zoom admin\desktop\speex-1.2rc1-vs2010\libspeex\nb_celp.c(1860): warning C4244: '=': conversion from 'double' to 'float', possible loss of data
  modes_wb.c
c:\users\zoom admin\desktop\speex-1.2rc1-vs2010\libspeex\modes_wb.c(180): warning C4305: 'initializing': truncation from 'double' to 'spx_word16_t'
c:\users\zoom admin\desktop\speex-1.2rc1-vs2010\libspeex\modes_wb.c(226): warning C4305: 'initializing': truncation from 'double' to 'spx_word16_t'
  modes.c
c:\users\zoom admin\desktop\speex-1.2rc1-vs2010\libspeex\modes.c(193): warning C4305: 'initializing': truncation from 'double' to 'spx_word16_t'
c:\users\zoom admin\desktop\speex-1.2rc1-vs2010\libspeex\modes.c(214): warning C4305: 'initializing': truncation from 'double' to 'spx_word16_t'
c:\users\zoom admin\desktop\speex-1.2rc1-vs2010\libspeex\modes.c(235): warning C4305: 'initializing': truncation from 'double' to 'spx_word16_t'
c:\users\zoom admin\desktop\speex-1.2rc1-vs2010\libspeex\modes.c(256): warning C4305: 'initializing': truncation from 'double' to 'spx_word16_t'
c:\users\zoom admin\desktop\speex-1.2rc1-vs2010\libspeex\modes.c(277): warning C4305: 'initializing': truncation from 'double' to 'spx_word16_t'
c:\users\zoom admin\desktop\speex-1.2rc1-vs2010\libspeex\modes.c(298): warning C4305: 'initializing': truncation from 'double' to 'spx_word16_t'
c:\users\zoom admin\desktop\speex-1.2rc1-vs2010\libspeex\modes.c(320): warning C4305: 'initializing': truncation from 'double' to 'spx_word16_t'
  mdf.c
c:\users\zoom admin\desktop\speex-1.2rc1-vs2010\libspeex\math_approx.h(57): warning C4244: 'return': conversion from 'double' to 'spx_word16_t', possible loss of data
c:\users\zoom admin\desktop\speex-1.2rc1-vs2010\libspeex\math_approx.h(91): warning C4244: 'return': conversion from 'int' to 'spx_int16_t', possible loss of data
c:\users\zoom admin\desktop\speex-1.2rc1-vs2010\libspeex\math_approx.h(116): warning C4244: 'return': conversion from 'int' to 'spx_int16_t', possible loss of data
c:\users\zoom admin\desktop\speex-1.2rc1-vs2010\libspeex\math_approx.h(323): warning C4244: '=': conversion from 'double' to 'spx_word16_t', possible loss of data
c:\users\zoom admin\desktop\speex-1.2rc1-vs2010\libspeex\mdf.c(200): warning C4244: '=': conversion from 'double' to 'spx_word16_t', possible loss of data
c:\users\zoom admin\desktop\speex-1.2rc1-vs2010\libspeex\mdf.c(368): warning C4244: '=': conversion from 'double' to 'spx_word16_t', possible loss of data
c:\users\zoom admin\desktop\speex-1.2rc1-vs2010\libspeex\mdf.c(479): warning C4244: '=': conversion from 'double' to 'spx_word16_t', possible loss of data
c:\users\zoom admin\desktop\speex-1.2rc1-vs2010\libspeex\mdf.c(489): warning C4305: '=': truncation from 'double' to 'spx_word16_t'
c:\users\zoom admin\desktop\speex-1.2rc1-vs2010\libspeex\mdf.c(505): warning C4305: '=': truncation from 'double' to 'spx_word16_t'
c:\users\zoom admin\desktop\speex-1.2rc1-vs2010\libspeex\mdf.c(507): warning C4305: '=': truncation from 'double' to 'spx_word16_t'
c:\users\zoom admin\desktop\speex-1.2rc1-vs2010\libspeex\mdf.c(509): warning C4305: '=': truncation from 'double' to 'spx_word16_t'
c:\users\zoom admin\desktop\speex-1.2rc1-vs2010\libspeex\mdf.c(511): warning C4305: '=': truncation from 'double' to 'spx_word16_t'
c:\users\zoom admin\desktop\speex-1.2rc1-vs2010\libspeex\mdf.c(488): warning C4244: 'initializing': conversion from 'double' to 'spx_word16_t', possible loss of data
c:\users\zoom admin\desktop\speex-1.2rc1-vs2010\libspeex\mdf.c(686): warning C4100: 'Yout': unreferenced formal parameter
c:\users\zoom admin\desktop\speex-1.2rc1-vs2010\libspeex\mdf.c(718): warning C4244: '=': conversion from 'double' to 'spx_word16_t', possible loss of data
c:\users\zoom admin\desktop\speex-1.2rc1-vs2010\libspeex\mdf.c(730): warning C4456: declaration of 'tmp32' hides previous local declaration
  c:\users\zoom admin\desktop\speex-1.2rc1-vs2010\libspeex\mdf.c(706): note: see declaration of 'tmp32'
c:\users\zoom admin\desktop\speex-1.2rc1-vs2010\libspeex\mdf.c(756): warning C4456: declaration of 'tmp32' hides previous local declaration
  c:\users\zoom admin\desktop\speex-1.2rc1-vs2010\libspeex\mdf.c(706): note: see declaration of 'tmp32'
c:\users\zoom admin\desktop\speex-1.2rc1-vs2010\libspeex\mdf.c(984): warning C4244: '=': conversion from 'double' to 'spx_int16_t', possible loss of data
c:\users\zoom admin\desktop\speex-1.2rc1-vs2010\libspeex\mdf.c(1076): warning C4244: '=': conversion from 'double' to 'float', possible loss of data
c:\users\zoom admin\desktop\speex-1.2rc1-vs2010\libspeex\mdf.c(1121): warning C4244: '=': conversion from 'double' to 'spx_word16_t', possible loss of data
c:\users\zoom admin\desktop\speex-1.2rc1-vs2010\libspeex\mdf.c(1149): warning C4244: '=': conversion from 'double' to 'spx_word32_t', possible loss of data
c:\users\zoom admin\desktop\speex-1.2rc1-vs2010\libspeex\mdf.c(1151): warning C4244: '=': conversion from 'double' to 'spx_word32_t', possible loss of data
c:\users\zoom admin\desktop\speex-1.2rc1-vs2010\libspeex\mdf.c(1167): warning C4244: '=': conversion from 'double' to 'spx_word32_t', possible loss of data
c:\users\zoom admin\desktop\speex-1.2rc1-vs2010\libspeex\mdf.c(1186): warning C4244: '=': conversion from 'int' to 'spx_word16_t', possible loss of data
c:\users\zoom admin\desktop\speex-1.2rc1-vs2010\libspeex\mdf.c(1225): warning C4244: '=': conversion from 'spx_int32_t' to 'spx_word32_t', possible loss of data
c:\users\zoom admin\desktop\speex-1.2rc1-vs2010\libspeex\mdf.c(1196): warning C4100: 'len': unreferenced formal parameter
c:\users\zoom admin\desktop\speex-1.2rc1-vs2010\libspeex\mdf.c(1248): warning C4305: '=': truncation from 'double' to 'spx_word16_t'
c:\users\zoom admin\desktop\speex-1.2rc1-vs2010\libspeex\mdf.c(1250): warning C4305: '=': truncation from 'double' to 'spx_word16_t'
c:\users\zoom admin\desktop\speex-1.2rc1-vs2010\libspeex\mdf.c(1252): warning C4305: '=': truncation from 'double' to 'spx_word16_t'
c:\users\zoom admin\desktop\speex-1.2rc1-vs2010\libspeex\mdf.c(1276): warning C4244: '=': conversion from 'spx_word32_t' to 'spx_int32_t', possible loss of data
  ltp.c
c:\users\zoom admin\desktop\speex-1.2rc1-vs2010\libspeex\math_approx.h(57): warning C4244: 'return': conversion from 'double' to 'spx_word16_t', possible loss of data
c:\users\zoom admin\desktop\speex-1.2rc1-vs2010\libspeex\math_approx.h(91): warning C4244: 'return': conversion from 'int' to 'spx_int16_t', possible loss of data
c:\users\zoom admin\desktop\speex-1.2rc1-vs2010\libspeex\math_approx.h(116): warning C4244: 'return': conversion from 'int' to 'spx_int16_t', possible loss of data
c:\users\zoom admin\desktop\speex-1.2rc1-vs2010\libspeex\math_approx.h(323): warning C4244: '=': conversion from 'double' to 'spx_word16_t', possible loss of data
c:\users\zoom admin\desktop\speex-1.2rc1-vs2010\libspeex\ltp.c(142): warning C4100: 'stack': unreferenced formal parameter
c:\users\zoom admin\desktop\speex-1.2rc1-vs2010\libspeex\ltp.c(479): warning C4244: '*=': conversion from 'double' to 'spx_word32_t', possible loss of data
c:\users\zoom admin\desktop\speex-1.2rc1-vs2010\libspeex\ltp.c(480): warning C4244: '*=': conversion from 'double' to 'spx_word32_t', possible loss of data
c:\users\zoom admin\desktop\speex-1.2rc1-vs2010\libspeex\ltp.c(481): warning C4244: '*=': conversion from 'double' to 'spx_word32_t', possible loss of data
c:\users\zoom admin\desktop\speex-1.2rc1-vs2010\libspeex\ltp.c(492): warning C4244: '=': conversion from 'double' to 'spx_word16_t', possible loss of data
c:\users\zoom admin\desktop\speex-1.2rc1-vs2010\libspeex\ltp.c(493): warning C4244: '=': conversion from 'double' to 'spx_word16_t', possible loss of data
c:\users\zoom admin\desktop\speex-1.2rc1-vs2010\libspeex\ltp.c(494): warning C4244: '=': conversion from 'double' to 'spx_word16_t', possible loss of data
c:\users\zoom admin\desktop\speex-1.2rc1-vs2010\libspeex\ltp.c(502): warning C4456: declaration of 'j' hides previous local declaration
  c:\users\zoom admin\desktop\speex-1.2rc1-vs2010\libspeex\ltp.c(370): note: see declaration of 'j'
c:\users\zoom admin\desktop\speex-1.2rc1-vs2010\libspeex\ltp.c(503): warning C4456: declaration of 'tmp1' hides previous local declaration
  c:\users\zoom admin\desktop\speex-1.2rc1-vs2010\libspeex\ltp.c(371): note: see declaration of 'tmp1'
c:\users\zoom admin\desktop\speex-1.2rc1-vs2010\libspeex\ltp.c(367): warning C4100: 'scaledown': unreferenced formal parameter
c:\users\zoom admin\desktop\speex-1.2rc1-vs2010\libspeex\ltp.c(359): warning C4100: 'bits': unreferenced formal parameter
c:\users\zoom admin\desktop\speex-1.2rc1-vs2010\libspeex\ltp.c(638): warning C4244: '=': conversion from 'double' to 'spx_word32_t', possible loss of data
c:\users\zoom admin\desktop\speex-1.2rc1-vs2010\libspeex\ltp.c(538): warning C4100: 'pitch_coef': unreferenced formal parameter
c:\users\zoom admin\desktop\speex-1.2rc1-vs2010\libspeex\ltp.c(694): warning C4244: '=': conversion from 'double' to 'spx_word16_t', possible loss of data
c:\users\zoom admin\desktop\speex-1.2rc1-vs2010\libspeex\ltp.c(695): warning C4244: '=': conversion from 'double' to 'spx_word16_t', possible loss of data
c:\users\zoom admin\desktop\speex-1.2rc1-vs2010\libspeex\ltp.c(696): warning C4244: '=': conversion from 'double' to 'spx_word16_t', possible loss of data
c:\users\zoom admin\desktop\speex-1.2rc1-vs2010\libspeex\ltp.c(710): warning C4305: '=': truncation from 'double' to 'spx_word16_t'
c:\users\zoom admin\desktop\speex-1.2rc1-vs2010\libspeex\ltp.c(712): warning C4244: '=': conversion from 'double' to 'spx_word16_t', possible loss of data
c:\users\zoom admin\desktop\speex-1.2rc1-vs2010\libspeex\ltp.c(708): warning C4244: 'initializing': conversion from 'double' to 'spx_word16_t', possible loss of data
c:\users\zoom admin\desktop\speex-1.2rc1-vs2010\libspeex\ltp.c(666): warning C4100: 'stack': unreferenced formal parameter
c:\users\zoom admin\desktop\speex-1.2rc1-vs2010\libspeex\ltp.c(660): warning C4100: 'pitch_coef': unreferenced formal parameter
c:\users\zoom admin\desktop\speex-1.2rc1-vs2010\libspeex\ltp.c(659): warning C4100: 'end': unreferenced formal parameter
c:\users\zoom admin\desktop\speex-1.2rc1-vs2010\libspeex\ltp.c(786): warning C4305: '=': truncation from 'double' to 'spx_word16_t'
c:\users\zoom admin\desktop\speex-1.2rc1-vs2010\libspeex\ltp.c(775): warning C4100: 'cumul_gain': unreferenced formal parameter
c:\users\zoom admin\desktop\speex-1.2rc1-vs2010\libspeex\ltp.c(774): warning C4100: 'plc_tuning': unreferenced formal parameter
c:\users\zoom admin\desktop\speex-1.2rc1-vs2010\libspeex\ltp.c(773): warning C4100: 'cdbk_offset': unreferenced formal parameter
c:\users\zoom admin\desktop\speex-1.2rc1-vs2010\libspeex\ltp.c(772): warning C4100: 'complexity': unreferenced formal parameter
c:\users\zoom admin\desktop\speex-1.2rc1-vs2010\libspeex\ltp.c(771): warning C4100: 'r': unreferenced formal parameter
c:\users\zoom admin\desktop\speex-1.2rc1-vs2010\libspeex\ltp.c(768): warning C4100: 'bits': unreferenced formal parameter
c:\users\zoom admin\desktop\speex-1.2rc1-vs2010\libspeex\ltp.c(764): warning C4100: 'end': unreferenced formal parameter
c:\users\zoom admin\desktop\speex-1.2rc1-vs2010\libspeex\ltp.c(762): warning C4100: 'par': unreferenced formal parameter
c:\users\zoom admin\desktop\speex-1.2rc1-vs2010\libspeex\ltp.c(757): warning C4100: 'sw': unreferenced formal parameter
c:\users\zoom admin\desktop\speex-1.2rc1-vs2010\libspeex\ltp.c(829): warning C4305: '=': truncation from 'double' to 'spx_word16_t'
c:\users\zoom admin\desktop\speex-1.2rc1-vs2010\libspeex\ltp.c(820): warning C4100: 'cdbk_offset': unreferenced formal parameter
c:\users\zoom admin\desktop\speex-1.2rc1-vs2010\libspeex\ltp.c(819): warning C4100: 'last_pitch_gain': unreferenced formal parameter
c:\users\zoom admin\desktop\speex-1.2rc1-vs2010\libspeex\ltp.c(818): warning C4100: 'subframe_offset': unreferenced formal parameter
c:\users\zoom admin\desktop\speex-1.2rc1-vs2010\libspeex\ltp.c(817): warning C4100: 'count_lost': unreferenced formal parameter
c:\users\zoom admin\desktop\speex-1.2rc1-vs2010\libspeex\ltp.c(816): warning C4100: 'stack': unreferenced formal parameter
c:\users\zoom admin\desktop\speex-1.2rc1-vs2010\libspeex\ltp.c(815): warning C4100: 'bits': unreferenced formal parameter
c:\users\zoom admin\desktop\speex-1.2rc1-vs2010\libspeex\ltp.c(811): warning C4100: 'par': unreferenced formal parameter
c:\users\zoom admin\desktop\speex-1.2rc1-vs2010\libspeex\ltp.c(809): warning C4100: 'end': unreferenced formal parameter
  lsp_tables_nb.c
  lsp.c
c:\users\zoom admin\desktop\speex-1.2rc1-vs2010\libspeex\math_approx.h(57): warning C4244: 'return': conversion from 'double' to 'spx_word16_t', possible loss of data
c:\users\zoom admin\desktop\speex-1.2rc1-vs2010\libspeex\math_approx.h(91): warning C4244: 'return': conversion from 'int' to 'spx_int16_t', possible loss of data
c:\users\zoom admin\desktop\speex-1.2rc1-vs2010\libspeex\math_approx.h(116): warning C4244: 'return': conversion from 'int' to 'spx_int16_t', possible loss of data
c:\users\zoom admin\desktop\speex-1.2rc1-vs2010\libspeex\math_approx.h(323): warning C4244: '=': conversion from 'double' to 'spx_word16_t', possible loss of data
c:\users\zoom admin\desktop\speex-1.2rc1-vs2010\libspeex\lsp.c(196): warning C4244: 'return': conversion from 'double' to 'float', possible loss of data
c:\users\zoom admin\desktop\speex-1.2rc1-vs2010\libspeex\lsp.c(177): warning C4100: 'stack': unreferenced formal parameter
c:\users\zoom admin\desktop\speex-1.2rc1-vs2010\libspeex\lsp.c(335): warning C4244: '=': conversion from 'double' to 'spx_word16_t', possible loss of data
c:\users\zoom admin\desktop\speex-1.2rc1-vs2010\libspeex\lsp.c(362): warning C4244: '=': conversion from 'double' to 'spx_word16_t', possible loss of data
c:\users\zoom admin\desktop\speex-1.2rc1-vs2010\libspeex\lsp.c(377): warning C4244: '=': conversion from 'double' to 'spx_lsp_t', possible loss of data
c:\users\zoom admin\desktop\speex-1.2rc1-vs2010\libspeex\lsp.c(522): warning C4100: 'stack': unreferenced formal parameter
c:\users\zoom admin\desktop\speex-1.2rc1-vs2010\libspeex\lsp.c(634): warning C4244: '=': conversion from 'double' to 'spx_lsp_t', possible loss of data
  lpc.c
c:\users\zoom admin\desktop\speex-1.2rc1-vs2010\libspeex\lpc.c(99): warning C4244: '=': conversion from 'double' to 'spx_word16_t', possible loss of data
  kiss_fftr.c
c:\users\zoom admin\desktop\speex-1.2rc1-vs2010\libspeex\math_approx.h(57): warning C4244: 'return': conversion from 'double' to 'spx_word16_t', possible loss of data
c:\users\zoom admin\desktop\speex-1.2rc1-vs2010\libspeex\math_approx.h(91): warning C4244: 'return': conversion from 'int' to 'spx_int16_t', possible loss of data
c:\users\zoom admin\desktop\speex-1.2rc1-vs2010\libspeex\math_approx.h(116): warning C4244: 'return': conversion from 'int' to 'spx_int16_t', possible loss of data
c:\users\zoom admin\desktop\speex-1.2rc1-vs2010\libspeex\math_approx.h(323): warning C4244: '=': conversion from 'double' to 'spx_word16_t', possible loss of data
c:\users\zoom admin\desktop\speex-1.2rc1-vs2010\libspeex\kiss_fftr.c(129): warning C4244: '=': conversion from 'double' to 'float', possible loss of data
c:\users\zoom admin\desktop\speex-1.2rc1-vs2010\libspeex\kiss_fftr.c(130): warning C4244: '=': conversion from 'double' to 'float', possible loss of data
c:\users\zoom admin\desktop\speex-1.2rc1-vs2010\libspeex\kiss_fftr.c(131): warning C4244: '=': conversion from 'double' to 'float', possible loss of data
c:\users\zoom admin\desktop\speex-1.2rc1-vs2010\libspeex\kiss_fftr.c(132): warning C4244: '=': conversion from 'double' to 'float', possible loss of data
  Generating Code...
  Compiling...
  kiss_fft.c
c:\users\zoom admin\desktop\speex-1.2rc1-vs2010\libspeex\math_approx.h(57): warning C4244: 'return': conversion from 'double' to 'spx_word16_t', possible loss of data
c:\users\zoom admin\desktop\speex-1.2rc1-vs2010\libspeex\math_approx.h(91): warning C4244: 'return': conversion from 'int' to 'spx_int16_t', possible loss of data
c:\users\zoom admin\desktop\speex-1.2rc1-vs2010\libspeex\math_approx.h(116): warning C4244: 'return': conversion from 'int' to 'spx_int16_t', possible loss of data
c:\users\zoom admin\desktop\speex-1.2rc1-vs2010\libspeex\math_approx.h(323): warning C4244: '=': conversion from 'double' to 'spx_word16_t', possible loss of data
c:\users\zoom admin\desktop\speex-1.2rc1-vs2010\libspeex\kiss_fft.c(197): warning C4244: '=': conversion from 'double' to 'float', possible loss of data
c:\users\zoom admin\desktop\speex-1.2rc1-vs2010\libspeex\kiss_fft.c(198): warning C4244: '=': conversion from 'double' to 'float', possible loss of data
c:\users\zoom admin\desktop\speex-1.2rc1-vs2010\libspeex\kiss_fft.c(363): warning C4100: 's2': unreferenced formal parameter
  jitter.c
c:\users\zoom admin\desktop\speex-1.2rc1-vs2010\libspeex\jitter.c(128): warning C4244: '=': conversion from 'int' to 'spx_int16_t', possible loss of data
c:\users\zoom admin\desktop\speex-1.2rc1-vs2010\libspeex\jitter.c(203): warning C4244: '=': conversion from 'int' to 'float', possible loss of data
c:\users\zoom admin\desktop\speex-1.2rc1-vs2010\libspeex\jitter.c(236): warning C4244: '=': conversion from 'float' to 'spx_int32_t', possible loss of data
c:\users\zoom admin\desktop\speex-1.2rc1-vs2010\libspeex\jitter.c(241): warning C4244: '=': conversion from 'int' to 'spx_int16_t', possible loss of data
c:\users\zoom admin\desktop\speex-1.2rc1-vs2010\libspeex\jitter.c(352): warning C4244: 'function': conversion from 'spx_int32_t' to 'spx_int16_t', possible loss of data
c:\users\zoom admin\desktop\speex-1.2rc1-vs2010\libspeex\jitter.c(447): warning C4018: '<': signed/unsigned mismatch
c:\users\zoom admin\desktop\speex-1.2rc1-vs2010\libspeex\jitter.c(696): warning C4018: '<': signed/unsigned mismatch
c:\users\zoom admin\desktop\speex-1.2rc1-vs2010\libspeex\jitter.c(716): warning C4100: 'start_offset': unreferenced formal parameter
c:\users\zoom admin\desktop\speex-1.2rc1-vs2010\libspeex\jitter.c(716): warning C4100: 'packet': unreferenced formal parameter
  high_lsp_tables.c
  hexc_table.c
  hexc_10_32_table.c
  gain_table_lbr.c
  gain_table.c
  filters.c
c:\users\zoom admin\desktop\speex-1.2rc1-vs2010\libspeex\math_approx.h(57): warning C4244: 'return': conversion from 'double' to 'spx_word16_t', possible loss of data
c:\users\zoom admin\desktop\speex-1.2rc1-vs2010\libspeex\math_approx.h(91): warning C4244: 'return': conversion from 'int' to 'spx_int16_t', possible loss of data
c:\users\zoom admin\desktop\speex-1.2rc1-vs2010\libspeex\math_approx.h(116): warning C4244: 'return': conversion from 'int' to 'spx_int16_t', possible loss of data
c:\users\zoom admin\desktop\speex-1.2rc1-vs2010\libspeex\math_approx.h(323): warning C4244: '=': conversion from 'double' to 'spx_word16_t', possible loss of data
c:\users\zoom admin\desktop\speex-1.2rc1-vs2010\libspeex\filters.c(308): warning C4244: 'return': conversion from 'double' to 'spx_word16_t', possible loss of data
c:\users\zoom admin\desktop\speex-1.2rc1-vs2010\libspeex\filters.c(319): warning C4100: 'stack': unreferenced formal parameter
c:\users\zoom admin\desktop\speex-1.2rc1-vs2010\libspeex\filters.c(339): warning C4100: 'stack': unreferenced formal parameter
c:\users\zoom admin\desktop\speex-1.2rc1-vs2010\libspeex\filters.c(359): warning C4100: 'stack': unreferenced formal parameter
c:\users\zoom admin\desktop\speex-1.2rc1-vs2010\libspeex\filters.c(406): warning C4100: 'stack': unreferenced formal parameter
c:\users\zoom admin\desktop\speex-1.2rc1-vs2010\libspeex\filters.c(441): warning C4100: 'stack': unreferenced formal parameter
c:\users\zoom admin\desktop\speex-1.2rc1-vs2010\libspeex\filters.c(477): warning C4100: 'stack': unreferenced formal parameter
c:\users\zoom admin\desktop\speex-1.2rc1-vs2010\libspeex\filters.c(735): warning C4244: '=': conversion from 'double' to 'spx_word16_t', possible loss of data
c:\users\zoom admin\desktop\speex-1.2rc1-vs2010\libspeex\filters.c(736): warning C4244: '=': conversion from 'double' to 'spx_word16_t', possible loss of data
c:\users\zoom admin\desktop\speex-1.2rc1-vs2010\libspeex\filters.c(737): warning C4244: '=': conversion from 'double' to 'spx_word16_t', possible loss of data
c:\users\zoom admin\desktop\speex-1.2rc1-vs2010\libspeex\filters.c(767): warning C4244: '=': conversion from 'double' to 'spx_word16_t', possible loss of data
c:\users\zoom admin\desktop\speex-1.2rc1-vs2010\libspeex\filters.c(768): warning C4244: '=': conversion from 'double' to 'spx_word16_t', possible loss of data
c:\users\zoom admin\desktop\speex-1.2rc1-vs2010\libspeex\filters.c(789): warning C4244: '=': conversion from 'double' to 'spx_word16_t', possible loss of data
c:\users\zoom admin\desktop\speex-1.2rc1-vs2010\libspeex\filters.c(790): warning C4244: '=': conversion from 'double' to 'spx_word16_t', possible loss of data
c:\users\zoom admin\desktop\speex-1.2rc1-vs2010\libspeex\filters.c(792): warning C4244: '=': conversion from 'double' to 'spx_word16_t', possible loss of data
c:\users\zoom admin\desktop\speex-1.2rc1-vs2010\libspeex\filters.c(793): warning C4244: '=': conversion from 'double' to 'spx_word16_t', possible loss of data
c:\users\zoom admin\desktop\speex-1.2rc1-vs2010\libspeex\filters.c(662): warning C4100: 'stack': unreferenced formal parameter
c:\users\zoom admin\desktop\speex-1.2rc1-vs2010\libspeex\filters.c(657): warning C4100: 'p': unreferenced formal parameter
c:\users\zoom admin\desktop\speex-1.2rc1-vs2010\libspeex\filters.c(656): warning C4100: 'ak': unreferenced formal parameter
  filterbank.c
c:\users\zoom admin\desktop\speex-1.2rc1-vs2010\libspeex\math_approx.h(57): warning C4244: 'return': conversion from 'double' to 'spx_word16_t', possible loss of data
c:\users\zoom admin\desktop\speex-1.2rc1-vs2010\libspeex\math_approx.h(91): warning C4244: 'return': conversion from 'int' to 'spx_int16_t', possible loss of data
c:\users\zoom admin\desktop\speex-1.2rc1-vs2010\libspeex\math_approx.h(116): warning C4244: 'return': conversion from 'int' to 'spx_int16_t', possible loss of data
c:\users\zoom admin\desktop\speex-1.2rc1-vs2010\libspeex\math_approx.h(323): warning C4244: '=': conversion from 'double' to 'spx_word16_t', possible loss of data
c:\users\zoom admin\desktop\speex-1.2rc1-vs2010\libspeex\filterbank.c(63): warning C4244: '=': conversion from 'double' to 'spx_word32_t', possible loss of data
c:\users\zoom admin\desktop\speex-1.2rc1-vs2010\libspeex\filterbank.c(83): warning C4244: '=': conversion from 'double' to 'spx_word32_t', possible loss of data
c:\users\zoom admin\desktop\speex-1.2rc1-vs2010\libspeex\filterbank.c(54): warning C4100: 'type': unreferenced formal parameter
  fftwrap.c
c:\users\zoom admin\desktop\speex-1.2rc1-vs2010\libspeex\fftwrap.c(103): warning C4244: 'initializing': conversion from 'double' to 'float', possible loss of data
c:\users\zoom admin\desktop\speex-1.2rc1-vs2010\libspeex\fftwrap.c(109): warning C4244: 'initializing': conversion from 'double' to 'float', possible loss of data
  exc_8_128_table.c
  exc_5_64_table.c
  exc_5_256_table.c
  exc_20_32_table.c
  exc_10_32_table.c
  exc_10_16_table.c
  cb_search.c
c:\users\zoom admin\desktop\speex-1.2rc1-vs2010\libspeex\math_approx.h(57): warning C4244: 'return': conversion from 'double' to 'spx_word16_t', possible loss of data
c:\users\zoom admin\desktop\speex-1.2rc1-vs2010\libspeex\math_approx.h(91): warning C4244: 'return': conversion from 'int' to 'spx_int16_t', possible loss of data
c:\users\zoom admin\desktop\speex-1.2rc1-vs2010\libspeex\math_approx.h(116): warning C4244: 'return': conversion from 'int' to 'spx_int16_t', possible loss of data
c:\users\zoom admin\desktop\speex-1.2rc1-vs2010\libspeex\math_approx.h(323): warning C4244: '=': conversion from 'double' to 'spx_word16_t', possible loss of data
c:\users\zoom admin\desktop\speex-1.2rc1-vs2010\libspeex\cb_search.c(53): warning C4100: 'stack': unreferenced formal parameter
c:\users\zoom admin\desktop\speex-1.2rc1-vs2010\libspeex\cb_search.c(53): warning C4100: 'resp2': unreferenced formal parameter
c:\users\zoom admin\desktop\speex-1.2rc1-vs2010\libspeex\cb_search.c(195): warning C4244: '=': conversion from 'double' to 'spx_sig_t', possible loss of data
c:\users\zoom admin\desktop\speex-1.2rc1-vs2010\libspeex\cb_search.c(216): warning C4244: '=': conversion from 'double' to 'spx_word16_t', possible loss of data
c:\users\zoom admin\desktop\speex-1.2rc1-vs2010\libspeex\cb_search.c(439): warning C4244: '=': conversion from 'double' to 'spx_word16_t', possible loss of data
c:\users\zoom admin\desktop\speex-1.2rc1-vs2010\libspeex\cb_search.c(493): warning C4244: '=': conversion from 'double' to 'spx_sig_t', possible loss of data
c:\users\zoom admin\desktop\speex-1.2rc1-vs2010\libspeex\cb_search.c(567): warning C4244: '+=': conversion from 'double' to 'spx_sig_t', possible loss of data
c:\users\zoom admin\desktop\speex-1.2rc1-vs2010\libspeex\cb_search.c(520): warning C4100: 'seed': unreferenced formal parameter
c:\users\zoom admin\desktop\speex-1.2rc1-vs2010\libspeex\cb_search.c(519): warning C4100: 'stack': unreferenced formal parameter
c:\users\zoom admin\desktop\speex-1.2rc1-vs2010\libspeex\cb_search.c(517): warning C4100: 'nsf': unreferenced formal parameter
c:\users\zoom admin\desktop\speex-1.2rc1-vs2010\libspeex\cb_search.c(585): warning C4100: 'update_target': unreferenced formal parameter
c:\users\zoom admin\desktop\speex-1.2rc1-vs2010\libspeex\cb_search.c(584): warning C4100: 'complexity': unreferenced formal parameter
c:\users\zoom admin\desktop\speex-1.2rc1-vs2010\libspeex\cb_search.c(582): warning C4100: 'bits': unreferenced formal parameter
c:\users\zoom admin\desktop\speex-1.2rc1-vs2010\libspeex\cb_search.c(581): warning C4100: 'r': unreferenced formal parameter
c:\users\zoom admin\desktop\speex-1.2rc1-vs2010\libspeex\cb_search.c(577): warning C4100: 'par': unreferenced formal parameter
c:\users\zoom admin\desktop\speex-1.2rc1-vs2010\libspeex\cb_search.c(604): warning C4100: 'stack': unreferenced formal parameter
c:\users\zoom admin\desktop\speex-1.2rc1-vs2010\libspeex\cb_search.c(603): warning C4100: 'bits': unreferenced formal parameter
c:\users\zoom admin\desktop\speex-1.2rc1-vs2010\libspeex\cb_search.c(601): warning C4100: 'par': unreferenced formal parameter
  bits.c
  Generating Code...
  libspeex.vcxproj -> C:\Users\Zoom Admin\Desktop\speex-1.2rc1-VS2010\win32\VS2008\Debug\libspeex.lib
