cl : Command line warning D9035: option 'Gm' has been deprecated and will be removed in a future release
  smallft.c
c:\users\zoom admin\desktop\speex-1.2rc1-vs2010\libspeex\smallft.c(101): warning C4244: '=': conversion from 'double' to 'float', possible loss of data
c:\users\zoom admin\desktop\speex-1.2rc1-vs2010\libspeex\smallft.c(102): warning C4244: '=': conversion from 'double' to 'float', possible loss of data
c:\users\zoom admin\desktop\speex-1.2rc1-vs2010\libspeex\smallft.c(285): warning C4244: '=': conversion from 'double' to 'float', possible loss of data
c:\users\zoom admin\desktop\speex-1.2rc1-vs2010\libspeex\smallft.c(286): warning C4244: '=': conversion from 'double' to 'float', possible loss of data
c:\users\zoom admin\desktop\speex-1.2rc1-vs2010\libspeex\smallft.c(855): warning C4244: '=': conversion from 'double' to 'float', possible loss of data
c:\users\zoom admin\desktop\speex-1.2rc1-vs2010\libspeex\smallft.c(856): warning C4244: '=': conversion from 'double' to 'float', possible loss of data
  resample.c
c:\users\zoom admin\desktop\speex-1.2rc1-vs2010\libspeex\resample.c(294): warning C4244: 'function': conversion from 'double' to 'float', possible loss of data
c:\users\zoom admin\desktop\speex-1.2rc1-vs2010\libspeex\resample.c(294): warning C4244: 'return': conversion from 'double' to 'spx_word16_t', possible loss of data
c:\users\zoom admin\desktop\speex-1.2rc1-vs2010\libspeex\resample.c(324): warning C4244: '=': conversion from 'double' to 'spx_word16_t', possible loss of data
c:\users\zoom admin\desktop\speex-1.2rc1-vs2010\libspeex\resample.c(412): warning C4244: '=': conversion from 'double' to 'spx_word16_t', possible loss of data
c:\users\zoom admin\desktop\speex-1.2rc1-vs2010\libspeex\resample.c(528): warning C4244: '=': conversion from 'double' to 'spx_word32_t', possible loss of data
c:\users\zoom admin\desktop\speex-1.2rc1-vs2010\libspeex\resample.c(595): warning C4018: '<': signed/unsigned mismatch
c:\users\zoom admin\desktop\speex-1.2rc1-vs2010\libspeex\resample.c(676): warning C4018: '<': signed/unsigned mismatch
c:\users\zoom admin\desktop\speex-1.2rc1-vs2010\libspeex\resample.c(684): warning C4018: '<': signed/unsigned mismatch
c:\users\zoom admin\desktop\speex-1.2rc1-vs2010\libspeex\resample.c(687): warning C4018: '<': signed/unsigned mismatch
c:\users\zoom admin\desktop\speex-1.2rc1-vs2010\libspeex\resample.c(694): warning C4018: '<': signed/unsigned mismatch
c:\users\zoom admin\desktop\speex-1.2rc1-vs2010\libspeex\resample.c(860): warning C4018: '<': signed/unsigned mismatch
c:\users\zoom admin\desktop\speex-1.2rc1-vs2010\libspeex\resample.c(863): warning C4018: '<': signed/unsigned mismatch
c:\users\zoom admin\desktop\speex-1.2rc1-vs2010\libspeex\resample.c(916): warning C4018: '<': signed/unsigned mismatch
c:\users\zoom admin\desktop\speex-1.2rc1-vs2010\libspeex\resample.c(923): warning C4018: '<': signed/unsigned mismatch
c:\users\zoom admin\desktop\speex-1.2rc1-vs2010\libspeex\resample.c(933): warning C4018: '<': signed/unsigned mismatch
c:\users\zoom admin\desktop\speex-1.2rc1-vs2010\libspeex\resample.c(937): warning C4244: '=': conversion from 'double' to 'spx_int16_t', possible loss of data
  preprocess.c
c:\users\zoom admin\desktop\speex-1.2rc1-vs2010\libspeex\math_approx.h(57): warning C4244: 'return': conversion from 'double' to 'spx_word16_t', possible loss of data
c:\users\zoom admin\desktop\speex-1.2rc1-vs2010\libspeex\math_approx.h(323): warning C4244: '=': conversion from 'double' to 'spx_word16_t', possible loss of data
c:\users\zoom admin\desktop\speex-1.2rc1-vs2010\libspeex\preprocess.c(281): warning C4244: '=': conversion from 'double' to 'spx_word16_t', possible loss of data
c:\users\zoom admin\desktop\speex-1.2rc1-vs2010\libspeex\preprocess.c(284): warning C4244: '=': conversion from 'double' to 'spx_word16_t', possible loss of data
c:\users\zoom admin\desktop\speex-1.2rc1-vs2010\libspeex\preprocess.c(365): warning C4244: '=': conversion from 'double' to 'float', possible loss of data
c:\users\zoom admin\desktop\speex-1.2rc1-vs2010\libspeex\preprocess.c(370): warning C4244: 'return': conversion from 'double' to 'spx_word32_t', possible loss of data
c:\users\zoom admin\desktop\speex-1.2rc1-vs2010\libspeex\preprocess.c(372): warning C4244: 'return': conversion from 'double' to 'spx_word32_t', possible loss of data
c:\users\zoom admin\desktop\speex-1.2rc1-vs2010\libspeex\preprocess.c(386): warning C4244: '=': conversion from 'double' to 'float', possible loss of data
c:\users\zoom admin\desktop\speex-1.2rc1-vs2010\libspeex\preprocess.c(387): warning C4244: '=': conversion from 'double' to 'float', possible loss of data
c:\users\zoom admin\desktop\speex-1.2rc1-vs2010\libspeex\preprocess.c(391): warning C4244: '=': conversion from 'double' to 'spx_word16_t', possible loss of data
c:\users\zoom admin\desktop\speex-1.2rc1-vs2010\libspeex\preprocess.c(446): warning C4244: 'function': conversion from 'int' to 'spx_word32_t', possible loss of data
c:\users\zoom admin\desktop\speex-1.2rc1-vs2010\libspeex\preprocess.c(510): warning C4244: '=': conversion from 'double' to 'float', possible loss of data
c:\users\zoom admin\desktop\speex-1.2rc1-vs2010\libspeex\preprocess.c(516): warning C4305: '=': truncation from 'double' to 'float'
c:\users\zoom admin\desktop\speex-1.2rc1-vs2010\libspeex\preprocess.c(519): warning C4244: '=': conversion from 'double' to 'float', possible loss of data
c:\users\zoom admin\desktop\speex-1.2rc1-vs2010\libspeex\preprocess.c(520): warning C4244: '=': conversion from 'double' to 'float', possible loss of data
c:\users\zoom admin\desktop\speex-1.2rc1-vs2010\libspeex\preprocess.c(508): warning C4244: 'initializing': conversion from 'double' to 'float', possible loss of data
c:\users\zoom admin\desktop\speex-1.2rc1-vs2010\libspeex\preprocess.c(581): warning C4244: '=': conversion from 'double' to 'float', possible loss of data
c:\users\zoom admin\desktop\speex-1.2rc1-vs2010\libspeex\preprocess.c(587): warning C4244: '=': conversion from 'double' to 'float', possible loss of data
c:\users\zoom admin\desktop\speex-1.2rc1-vs2010\libspeex\preprocess.c(588): warning C4244: '=': conversion from 'double' to 'float', possible loss of data
c:\users\zoom admin\desktop\speex-1.2rc1-vs2010\libspeex\preprocess.c(595): warning C4244: '=': conversion from 'double' to 'float', possible loss of data
c:\users\zoom admin\desktop\speex-1.2rc1-vs2010\libspeex\preprocess.c(744): warning C4244: '=': conversion from 'double' to 'spx_word16_t', possible loss of data
c:\users\zoom admin\desktop\speex-1.2rc1-vs2010\libspeex\preprocess.c(829): warning C4244: 'function': conversion from 'spx_word16_t' to 'int', possible loss of data
c:\users\zoom admin\desktop\speex-1.2rc1-vs2010\libspeex\preprocess.c(868): warning C4244: '=': conversion from 'double' to 'spx_word16_t', possible loss of data
c:\users\zoom admin\desktop\speex-1.2rc1-vs2010\libspeex\preprocess.c(918): warning C4244: '=': conversion from 'double' to 'spx_word16_t', possible loss of data
c:\users\zoom admin\desktop\speex-1.2rc1-vs2010\libspeex\preprocess.c(930): warning C4244: '=': conversion from 'double' to 'spx_word16_t', possible loss of data
c:\users\zoom admin\desktop\speex-1.2rc1-vs2010\libspeex\preprocess.c(971): warning C4244: '=': conversion from 'double' to 'float', possible loss of data
c:\users\zoom admin\desktop\speex-1.2rc1-vs2010\libspeex\preprocess.c(987): warning C4244: '=': conversion from 'spx_word16_t' to 'spx_int16_t', possible loss of data
c:\users\zoom admin\desktop\speex-1.2rc1-vs2010\libspeex\preprocess.c(989): warning C4244: '=': conversion from 'spx_word16_t' to 'spx_int16_t', possible loss of data
c:\users\zoom admin\desktop\speex-1.2rc1-vs2010\libspeex\preprocess.c(1081): warning C4244: '=': conversion from 'double' to 'float', possible loss of data
c:\users\zoom admin\desktop\speex-1.2rc1-vs2010\libspeex\preprocess.c(1084): warning C4244: '=': conversion from 'double' to 'spx_int32_t', possible loss of data
c:\users\zoom admin\desktop\speex-1.2rc1-vs2010\libspeex\preprocess.c(1087): warning C4244: '=': conversion from 'double' to 'float', possible loss of data
c:\users\zoom admin\desktop\speex-1.2rc1-vs2010\libspeex\preprocess.c(1090): warning C4244: '=': conversion from 'double' to 'spx_int32_t', possible loss of data
c:\users\zoom admin\desktop\speex-1.2rc1-vs2010\libspeex\preprocess.c(1093): warning C4244: '=': conversion from 'double' to 'float', possible loss of data
c:\users\zoom admin\desktop\speex-1.2rc1-vs2010\libspeex\preprocess.c(1096): warning C4244: '=': conversion from 'double' to 'spx_int32_t', possible loss of data
c:\users\zoom admin\desktop\speex-1.2rc1-vs2010\libspeex\preprocess.c(1139): warning C4244: '=': conversion from 'spx_word16_t' to 'spx_int32_t', possible loss of data
c:\users\zoom admin\desktop\speex-1.2rc1-vs2010\libspeex\preprocess.c(1147): warning C4244: '=': conversion from 'spx_word16_t' to 'spx_int32_t', possible loss of data
c:\users\zoom admin\desktop\speex-1.2rc1-vs2010\libspeex\preprocess.c(1176): warning C4244: '=': conversion from 'double' to 'spx_int32_t', possible loss of data
c:\users\zoom admin\desktop\speex-1.2rc1-vs2010\libspeex\preprocess.c(1179): warning C4244: '=': conversion from 'double' to 'spx_int32_t', possible loss of data
c:\users\zoom admin\desktop\speex-1.2rc1-vs2010\libspeex\preprocess.c(1195): warning C4244: '=': conversion from 'spx_word16_t' to 'spx_int32_t', possible loss of data
c:\users\zoom admin\desktop\speex-1.2rc1-vs2010\libspeex\preprocess.c(1199): warning C4244: '=': conversion from 'spx_int32_t' to 'float', possible loss of data
c:\users\zoom admin\desktop\speex-1.2rc1-vs2010\libspeex\preprocess.c(1206): warning C4244: '=': conversion from 'float' to 'spx_int32_t', possible loss of data
  mdf.c
c:\users\zoom admin\desktop\speex-1.2rc1-vs2010\libspeex\math_approx.h(57): warning C4244: 'return': conversion from 'double' to 'spx_word16_t', possible loss of data
c:\users\zoom admin\desktop\speex-1.2rc1-vs2010\libspeex\math_approx.h(323): warning C4244: '=': conversion from 'double' to 'spx_word16_t', possible loss of data
c:\users\zoom admin\desktop\speex-1.2rc1-vs2010\libspeex\mdf.c(200): warning C4244: '=': conversion from 'double' to 'spx_word16_t', possible loss of data
c:\users\zoom admin\desktop\speex-1.2rc1-vs2010\libspeex\mdf.c(368): warning C4244: '=': conversion from 'double' to 'spx_word16_t', possible loss of data
c:\users\zoom admin\desktop\speex-1.2rc1-vs2010\libspeex\mdf.c(479): warning C4244: '=': conversion from 'double' to 'spx_word16_t', possible loss of data
c:\users\zoom admin\desktop\speex-1.2rc1-vs2010\libspeex\mdf.c(489): warning C4305: '=': truncation from 'double' to 'spx_word16_t'
c:\users\zoom admin\desktop\speex-1.2rc1-vs2010\libspeex\mdf.c(505): warning C4305: '=': truncation from 'double' to 'spx_word16_t'
c:\users\zoom admin\desktop\speex-1.2rc1-vs2010\libspeex\mdf.c(507): warning C4305: '=': truncation from 'double' to 'spx_word16_t'
c:\users\zoom admin\desktop\speex-1.2rc1-vs2010\libspeex\mdf.c(509): warning C4305: '=': truncation from 'double' to 'spx_word16_t'
c:\users\zoom admin\desktop\speex-1.2rc1-vs2010\libspeex\mdf.c(511): warning C4305: '=': truncation from 'double' to 'spx_word16_t'
c:\users\zoom admin\desktop\speex-1.2rc1-vs2010\libspeex\mdf.c(488): warning C4244: 'initializing': conversion from 'double' to 'spx_word16_t', possible loss of data
c:\users\zoom admin\desktop\speex-1.2rc1-vs2010\libspeex\mdf.c(718): warning C4244: '=': conversion from 'double' to 'spx_word16_t', possible loss of data
c:\users\zoom admin\desktop\speex-1.2rc1-vs2010\libspeex\mdf.c(984): warning C4244: '=': conversion from 'double' to 'spx_int16_t', possible loss of data
c:\users\zoom admin\desktop\speex-1.2rc1-vs2010\libspeex\mdf.c(1076): warning C4244: '=': conversion from 'double' to 'float', possible loss of data
c:\users\zoom admin\desktop\speex-1.2rc1-vs2010\libspeex\mdf.c(1121): warning C4244: '=': conversion from 'double' to 'spx_word16_t', possible loss of data
c:\users\zoom admin\desktop\speex-1.2rc1-vs2010\libspeex\mdf.c(1149): warning C4244: '=': conversion from 'double' to 'spx_word32_t', possible loss of data
c:\users\zoom admin\desktop\speex-1.2rc1-vs2010\libspeex\mdf.c(1151): warning C4244: '=': conversion from 'double' to 'spx_word32_t', possible loss of data
c:\users\zoom admin\desktop\speex-1.2rc1-vs2010\libspeex\mdf.c(1167): warning C4244: '=': conversion from 'double' to 'spx_word32_t', possible loss of data
c:\users\zoom admin\desktop\speex-1.2rc1-vs2010\libspeex\mdf.c(1186): warning C4244: '=': conversion from 'int' to 'spx_word16_t', possible loss of data
c:\users\zoom admin\desktop\speex-1.2rc1-vs2010\libspeex\mdf.c(1225): warning C4244: '=': conversion from 'spx_int32_t' to 'spx_word32_t', possible loss of data
c:\users\zoom admin\desktop\speex-1.2rc1-vs2010\libspeex\mdf.c(1248): warning C4305: '=': truncation from 'double' to 'spx_word16_t'
c:\users\zoom admin\desktop\speex-1.2rc1-vs2010\libspeex\mdf.c(1250): warning C4305: '=': truncation from 'double' to 'spx_word16_t'
c:\users\zoom admin\desktop\speex-1.2rc1-vs2010\libspeex\mdf.c(1252): warning C4305: '=': truncation from 'double' to 'spx_word16_t'
c:\users\zoom admin\desktop\speex-1.2rc1-vs2010\libspeex\mdf.c(1276): warning C4244: '=': conversion from 'spx_word32_t' to 'spx_int32_t', possible loss of data
  kiss_fftr.c
c:\users\zoom admin\desktop\speex-1.2rc1-vs2010\libspeex\math_approx.h(57): warning C4244: 'return': conversion from 'double' to 'spx_word16_t', possible loss of data
c:\users\zoom admin\desktop\speex-1.2rc1-vs2010\libspeex\math_approx.h(323): warning C4244: '=': conversion from 'double' to 'spx_word16_t', possible loss of data
c:\users\zoom admin\desktop\speex-1.2rc1-vs2010\libspeex\kiss_fftr.c(129): warning C4244: '=': conversion from 'double' to 'float', possible loss of data
c:\users\zoom admin\desktop\speex-1.2rc1-vs2010\libspeex\kiss_fftr.c(130): warning C4244: '=': conversion from 'double' to 'float', possible loss of data
c:\users\zoom admin\desktop\speex-1.2rc1-vs2010\libspeex\kiss_fftr.c(131): warning C4244: '=': conversion from 'double' to 'float', possible loss of data
c:\users\zoom admin\desktop\speex-1.2rc1-vs2010\libspeex\kiss_fftr.c(132): warning C4244: '=': conversion from 'double' to 'float', possible loss of data
  kiss_fft.c
c:\users\zoom admin\desktop\speex-1.2rc1-vs2010\libspeex\math_approx.h(57): warning C4244: 'return': conversion from 'double' to 'spx_word16_t', possible loss of data
c:\users\zoom admin\desktop\speex-1.2rc1-vs2010\libspeex\math_approx.h(323): warning C4244: '=': conversion from 'double' to 'spx_word16_t', possible loss of data
c:\users\zoom admin\desktop\speex-1.2rc1-vs2010\libspeex\kiss_fft.c(197): warning C4244: '=': conversion from 'double' to 'float', possible loss of data
c:\users\zoom admin\desktop\speex-1.2rc1-vs2010\libspeex\kiss_fft.c(198): warning C4244: '=': conversion from 'double' to 'float', possible loss of data
  jitter.c
c:\users\zoom admin\desktop\speex-1.2rc1-vs2010\libspeex\jitter.c(203): warning C4244: '=': conversion from 'int' to 'float', possible loss of data
c:\users\zoom admin\desktop\speex-1.2rc1-vs2010\libspeex\jitter.c(236): warning C4244: '=': conversion from 'float' to 'spx_int32_t', possible loss of data
c:\users\zoom admin\desktop\speex-1.2rc1-vs2010\libspeex\jitter.c(447): warning C4018: '<': signed/unsigned mismatch
c:\users\zoom admin\desktop\speex-1.2rc1-vs2010\libspeex\jitter.c(696): warning C4018: '<': signed/unsigned mismatch
  filterbank.c
c:\users\zoom admin\desktop\speex-1.2rc1-vs2010\libspeex\math_approx.h(57): warning C4244: 'return': conversion from 'double' to 'spx_word16_t', possible loss of data
c:\users\zoom admin\desktop\speex-1.2rc1-vs2010\libspeex\math_approx.h(323): warning C4244: '=': conversion from 'double' to 'spx_word16_t', possible loss of data
c:\users\zoom admin\desktop\speex-1.2rc1-vs2010\libspeex\filterbank.c(63): warning C4244: '=': conversion from 'double' to 'spx_word32_t', possible loss of data
c:\users\zoom admin\desktop\speex-1.2rc1-vs2010\libspeex\filterbank.c(83): warning C4244: '=': conversion from 'double' to 'spx_word32_t', possible loss of data
  fftwrap.c
c:\users\zoom admin\desktop\speex-1.2rc1-vs2010\libspeex\fftwrap.c(103): warning C4244: 'initializing': conversion from 'double' to 'float', possible loss of data
c:\users\zoom admin\desktop\speex-1.2rc1-vs2010\libspeex\fftwrap.c(109): warning C4244: 'initializing': conversion from 'double' to 'float', possible loss of data
  buffer.c
  Generating Code...
C:\Program Files (x86)\Microsoft Visual Studio\2017\Community\Common7\IDE\VC\VCTargets\Microsoft.CppBuild.targets(1397,5): warning MSB8012: TargetPath(C:\Users\Zoom Admin\Desktop\speex-1.2rc1-VS2010\win32\VS2008\libspeexdsp\Debug\libspeexdsp.lib) does not match the Library's OutputFile property value (C:\Users\Zoom Admin\Desktop\speex-1.2rc1-VS2010\lib\libspeexdsp.lib). This may cause your project to build incorrectly. To correct this, please make sure that $(OutDir), $(TargetName) and $(TargetExt) property values match the value specified in %(Lib.OutputFile).
  libspeexdsp.vcxproj -> C:\Users\Zoom Admin\Desktop\speex-1.2rc1-VS2010\win32\VS2008\libspeexdsp\Debug\libspeexdsp.lib
